Flutter crash report.
Please report a bug at https://github.com/flutter/flutter/issues.

## command

flutter assemble --no-version-check --output=build -dTargetPlatform=windows-x64 -dTrackWidgetCreation=true -dBuildMode=debug -dTargetFile=C:\Users\mydel\app2\lib\prac.dart -dTreeShakeIcons="false" -dDartObfuscation=false --DartDefines=Zmx1dHRlci5pbnNwZWN0b3Iuc3RydWN0dXJlZEVycm9ycz1mYWxzZQ==,RkxVVFRFUl9XRUJfQVVUT19ERVRFQ1Q9dHJ1ZQ==,RkxVVFRFUl9XRUJfQ0FOVkFTS0lUX1VSTD1odHRwczovL3d3dy5nc3RhdGljLmNvbS9mbHV0dGVyLWNhbnZhc2tpdC9iMjAxODNlMDQwOTYwOTRiY2MzN2Q5Y2RlMmE0Yjk2ZjVjYzY4NGNmLw== debug_bundle_windows_assets

## exception

PathAccessException: PathAccessException: Cannot delete file, path = 'C:\Users\mydel\app2\build\flutter_assets\shaders/ink_sparkle.frag' (OS Error: The process cannot access the file because it is being used by another process.
, errno = 32)

```
#0      _File.throwIfError (dart:io/file_impl.dart:675:7)
#1      _File._deleteSync (dart:io/file_impl.dart:329:5)
#2      FileSystemEntity.deleteSync (dart:io/file_system_entity.dart:424:7)
#3      ForwardingFileSystemEntity.deleteSync (package:file/src/forwarding/forwarding_file_system_entity.dart:70:16)
#4      ForwardingFileSystemEntity.deleteSync (package:file/src/forwarding/forwarding_file_system_entity.dart:70:16)
#5      ErrorHandlingFileSystem.deleteIfExists (package:flutter_tools/src/base/error_handling_io.dart:80:12)
#6      FlutterBuildSystem.trackSharedBuildDirectory (package:flutter_tools/src/build_system/build_system.dart:756:33)
#7      FlutterBuildSystem.build (package:flutter_tools/src/build_system/build_system.dart:644:5)
<asynchronous suspension>
#8      AssembleCommand.runCommand (package:flutter_tools/src/commands/assemble.dart:315:32)
<asynchronous suspension>
#9      FlutterCommand.run.<anonymous closure> (package:flutter_tools/src/runner/flutter_command.dart:1297:27)
<asynchronous suspension>
#10     AppContext.run.<anonymous closure> (package:flutter_tools/src/base/context.dart:150:19)
<asynchronous suspension>
#11     CommandRunner.runCommand (package:args/command_runner.dart:212:13)
<asynchronous suspension>
#12     FlutterCommandRunner.runCommand.<anonymous closure> (package:flutter_tools/src/runner/flutter_command_runner.dart:339:9)
<asynchronous suspension>
#13     AppContext.run.<anonymous closure> (package:flutter_tools/src/base/context.dart:150:19)
<asynchronous suspension>
#14     FlutterCommandRunner.runCommand (package:flutter_tools/src/runner/flutter_command_runner.dart:285:5)
<asynchronous suspension>
#15     run.<anonymous closure>.<anonymous closure> (package:flutter_tools/runner.dart:115:9)
<asynchronous suspension>
#16     AppContext.run.<anonymous closure> (package:flutter_tools/src/base/context.dart:150:19)
<asynchronous suspension>
#17     main (package:flutter_tools/executable.dart:90:3)
<asynchronous suspension>
```

## flutter doctor

```
[✓] Flutter (Channel stable, 3.13.2, on Microsoft Windows [Version 10.0.22621.1992], locale en-IN)
    • Flutter version 3.13.2 on channel stable at C:\Users\mydel\Downloads\flutter_windows_3.13.2-stable\flutter
    • Upstream repository https://github.com/flutter/flutter.git
    • Framework revision ff5b5b5fa6 (4 weeks ago), 2023-08-24 08:12:28 -0500
    • Engine revision b20183e040
    • Dart version 3.1.0
    • DevTools version 2.25.0

[✓] Windows Version (Installed version of Windows is version 10 or higher)

[✓] Android toolchain - develop for Android devices (Android SDK version 34.0.0)
    • Android SDK at C:\Users\mydel\AppData\Local\Android\sdk
    • Platform android-34, build-tools 34.0.0
    • Java binary at: C:\Program Files\Android\Android Studio\jbr\bin\java
    • Java version OpenJDK Runtime Environment (build 17.0.6+0-b2043.56-10027231)
    • All Android licenses accepted.

[✓] Chrome - develop for the web
    • Chrome at C:\Program Files\Google\Chrome\Application\chrome.exe

[✓] Visual Studio - develop Windows apps (Visual Studio Build Tools 2019 16.11.29)
    • Visual Studio at C:\Program Files (x86)\Microsoft Visual Studio\2019\BuildTools
    • Visual Studio Build Tools 2019 version 16.11.33927.289
    • Windows 10 SDK version 10.0.19041.0

[✓] Android Studio (version 2022.3)
    • Android Studio at C:\Program Files\Android\Android Studio
    • Flutter plugin can be installed from:
      🔨 https://plugins.jetbrains.com/plugin/9212-flutter
    • Dart plugin can be installed from:
      🔨 https://plugins.jetbrains.com/plugin/6351-dart
    • Java version OpenJDK Runtime Environment (build 17.0.6+0-b2043.56-10027231)

[✓] VS Code (version 1.82.2)
    • VS Code at C:\Users\mydel\AppData\Local\Programs\Microsoft VS Code
    • Flutter extension version 3.73.20230904

[✓] Connected device (3 available)
    • Windows (desktop) • windows • windows-x64    • Microsoft Windows [Version 10.0.22621.1992]
    • Chrome (web)      • chrome  • web-javascript • Google Chrome 116.0.5845.141
    • Edge (web)        • edge    • web-javascript • Microsoft Edge 116.0.1938.81
    ! Device emulator-5554 is offline.

[✓] Network resources
    • All expected network resources are available.

• No issues found!
```
